mode: set
github.com/allsource/control-plane/audit.go:41.60,42.20 1 1
github.com/allsource/control-plane/audit.go:42.20,45.3 1 1
github.com/allsource/control-plane/audit.go:47.2,48.16 2 1
github.com/allsource/control-plane/audit.go:48.16,50.3 1 0
github.com/allsource/control-plane/audit.go:52.2,55.8 1 1
github.com/allsource/control-plane/audit.go:59.51,60.16 1 1
github.com/allsource/control-plane/audit.go:60.16,62.3 1 1
github.com/allsource/control-plane/audit.go:64.2,70.16 5 1
github.com/allsource/control-plane/audit.go:70.16,72.3 1 0
github.com/allsource/control-plane/audit.go:74.2,74.60 1 1
github.com/allsource/control-plane/audit.go:74.60,76.3 1 0
github.com/allsource/control-plane/audit.go:78.2,78.12 1 1
github.com/allsource/control-plane/audit.go:82.37,83.19 1 1
github.com/allsource/control-plane/audit.go:83.19,85.3 1 1
github.com/allsource/control-plane/audit.go:86.2,86.12 1 0
github.com/allsource/control-plane/audit.go:90.59,91.30 1 0
github.com/allsource/control-plane/audit.go:91.30,93.74 1 0
github.com/allsource/control-plane/audit.go:93.74,96.4 2 0
github.com/allsource/control-plane/audit.go:98.3,108.44 5 0
github.com/allsource/control-plane/audit.go:108.44,109.46 1 0
github.com/allsource/control-plane/audit.go:109.46,113.5 3 0
github.com/allsource/control-plane/audit.go:117.3,136.31 3 0
github.com/allsource/control-plane/audit.go:136.31,137.68 1 0
github.com/allsource/control-plane/audit.go:137.68,139.5 1 0
github.com/allsource/control-plane/audit.go:143.3,143.43 1 0
github.com/allsource/control-plane/audit.go:143.43,146.4 1 0
github.com/allsource/control-plane/audit.go:151.50,152.16 1 1
github.com/allsource/control-plane/audit.go:153.13,154.16 1 1
github.com/allsource/control-plane/audit.go:155.14,156.30 1 1
github.com/allsource/control-plane/audit.go:156.30,158.4 1 1
github.com/allsource/control-plane/audit.go:159.3,159.33 1 1
github.com/allsource/control-plane/audit.go:159.33,161.4 1 1
github.com/allsource/control-plane/audit.go:162.3,162.18 1 1
github.com/allsource/control-plane/audit.go:163.13,164.18 1 1
github.com/allsource/control-plane/audit.go:165.16,166.18 1 1
github.com/allsource/control-plane/audit.go:167.15,168.18 1 1
github.com/allsource/control-plane/audit.go:169.10,170.16 1 0
github.com/allsource/control-plane/audit.go:175.42,176.32 1 1
github.com/allsource/control-plane/audit.go:176.32,178.3 1 1
github.com/allsource/control-plane/audit.go:179.2,179.30 1 1
github.com/allsource/control-plane/audit.go:179.30,181.3 1 1
github.com/allsource/control-plane/audit.go:182.2,182.34 1 1
github.com/allsource/control-plane/audit.go:182.34,184.3 1 1
github.com/allsource/control-plane/audit.go:185.2,185.32 1 1
github.com/allsource/control-plane/audit.go:185.32,187.3 1 1
github.com/allsource/control-plane/audit.go:188.2,188.32 1 1
github.com/allsource/control-plane/audit.go:188.32,190.3 1 1
github.com/allsource/control-plane/audit.go:191.2,191.35 1 1
github.com/allsource/control-plane/audit.go:191.35,193.3 1 1
github.com/allsource/control-plane/audit.go:194.2,194.18 1 1
github.com/allsource/control-plane/audit.go:198.38,200.2 1 1
github.com/allsource/control-plane/audit.go:203.36,204.43 1 1
github.com/allsource/control-plane/audit.go:204.43,205.35 1 1
github.com/allsource/control-plane/audit.go:205.35,207.4 1 1
github.com/allsource/control-plane/audit.go:209.2,209.11 1 1
github.com/allsource/control-plane/audit.go:213.91,225.2 2 1
github.com/allsource/control-plane/audit.go:228.80,240.2 2 1
github.com/allsource/control-plane/audit.go:243.87,255.2 2 1
github.com/allsource/control-plane/auth.go:40.50,41.21 1 1
github.com/allsource/control-plane/auth.go:41.21,43.3 1 0
github.com/allsource/control-plane/auth.go:44.2,46.3 1 1
github.com/allsource/control-plane/auth.go:50.73,52.104 1 1
github.com/allsource/control-plane/auth.go:52.104,54.58 1 1
github.com/allsource/control-plane/auth.go:54.58,56.4 1 0
github.com/allsource/control-plane/auth.go:57.3,57.34 1 1
github.com/allsource/control-plane/auth.go:60.2,60.16 1 1
github.com/allsource/control-plane/auth.go:60.16,62.3 1 1
github.com/allsource/control-plane/auth.go:64.2,65.25 2 1
github.com/allsource/control-plane/auth.go:65.25,67.3 1 0
github.com/allsource/control-plane/auth.go:70.2,70.42 1 1
github.com/allsource/control-plane/auth.go:70.42,72.3 1 0
github.com/allsource/control-plane/auth.go:74.2,74.20 1 1
github.com/allsource/control-plane/auth.go:78.51,80.22 2 0
github.com/allsource/control-plane/auth.go:80.22,82.3 1 0
github.com/allsource/control-plane/auth.go:85.2,86.45 2 0
github.com/allsource/control-plane/auth.go:86.45,88.3 1 0
github.com/allsource/control-plane/auth.go:90.2,90.22 1 0
github.com/allsource/control-plane/auth.go:94.75,96.16 2 1
github.com/allsource/control-plane/auth.go:96.16,98.3 1 0
github.com/allsource/control-plane/auth.go:99.2,99.33 1 1
github.com/allsource/control-plane/auth.go:103.61,104.30 1 0
github.com/allsource/control-plane/auth.go:104.30,106.74 1 0
github.com/allsource/control-plane/auth.go:106.74,109.4 2 0
github.com/allsource/control-plane/auth.go:111.3,112.17 2 0
github.com/allsource/control-plane/auth.go:112.17,116.4 3 0
github.com/allsource/control-plane/auth.go:118.3,119.17 2 0
github.com/allsource/control-plane/auth.go:119.17,123.4 3 0
github.com/allsource/control-plane/auth.go:126.3,136.11 3 0
github.com/allsource/control-plane/auth.go:141.66,142.30 1 0
github.com/allsource/control-plane/auth.go:142.30,144.14 2 0
github.com/allsource/control-plane/auth.go:144.14,148.4 3 0
github.com/allsource/control-plane/auth.go:150.3,151.42 2 0
github.com/allsource/control-plane/auth.go:151.42,158.4 3 0
github.com/allsource/control-plane/auth.go:160.3,160.11 1 0
github.com/allsource/control-plane/auth.go:165.37,167.2 1 0
github.com/allsource/control-plane/auth.go:170.59,172.13 2 0
github.com/allsource/control-plane/auth.go:172.13,174.3 1 0
github.com/allsource/control-plane/auth.go:176.2,177.9 2 0
github.com/allsource/control-plane/auth.go:177.9,179.3 1 0
github.com/allsource/control-plane/auth.go:181.2,181.18 1 0
github.com/allsource/control-plane/auth.go:199.54,201.47 2 0
github.com/allsource/control-plane/auth.go:201.47,204.3 2 0
github.com/allsource/control-plane/auth.go:207.2,211.16 2 0
github.com/allsource/control-plane/auth.go:211.16,214.3 2 0
github.com/allsource/control-plane/auth.go:217.2,218.61 2 0
github.com/allsource/control-plane/auth.go:218.61,221.3 2 0
github.com/allsource/control-plane/auth.go:223.2,223.35 1 0
github.com/allsource/control-plane/auth.go:227.57,229.47 2 0
github.com/allsource/control-plane/auth.go:229.47,232.3 2 0
github.com/allsource/control-plane/auth.go:235.2,235.20 1 0
github.com/allsource/control-plane/auth.go:235.20,237.3 1 0
github.com/allsource/control-plane/auth.go:240.2,244.16 2 0
github.com/allsource/control-plane/auth.go:244.16,247.3 2 0
github.com/allsource/control-plane/auth.go:250.2,251.61 2 0
github.com/allsource/control-plane/auth.go:251.61,254.3 2 0
github.com/allsource/control-plane/auth.go:256.2,256.35 1 0
github.com/allsource/control-plane/main.go:32.38,43.34 4 0
github.com/allsource/control-plane/main.go:43.34,48.36 4 0
github.com/allsource/control-plane/main.go:48.36,51.4 2 0
github.com/allsource/control-plane/main.go:53.3,53.11 1 0
github.com/allsource/control-plane/main.go:57.2,70.11 5 0
github.com/allsource/control-plane/main.go:73.39,83.2 5 0
github.com/allsource/control-plane/main.go:83.2,92.3 6 0
github.com/allsource/control-plane/main.go:95.55,102.2 1 0
github.com/allsource/control-plane/main.go:104.59,111.16 5 0
github.com/allsource/control-plane/main.go:111.16,118.3 3 0
github.com/allsource/control-plane/main.go:120.2,121.61 2 0
github.com/allsource/control-plane/main.go:121.61,128.3 3 0
github.com/allsource/control-plane/main.go:130.2,131.31 2 0
github.com/allsource/control-plane/main.go:134.62,139.16 3 0
github.com/allsource/control-plane/main.go:139.16,141.3 1 0
github.com/allsource/control-plane/main.go:143.2,157.4 1 0
github.com/allsource/control-plane/main.go:160.56,164.16 2 0
github.com/allsource/control-plane/main.go:164.16,169.3 2 0
github.com/allsource/control-plane/main.go:171.2,183.4 3 0
github.com/allsource/control-plane/main.go:186.57,199.2 3 0
github.com/allsource/control-plane/main.go:201.55,207.47 2 0
github.com/allsource/control-plane/main.go:207.47,210.3 2 0
github.com/allsource/control-plane/main.go:213.2,221.4 2 0
github.com/allsource/control-plane/main.go:224.50,226.2 1 0
github.com/allsource/control-plane/main.go:230.13,236.16 4 0
github.com/allsource/control-plane/main.go:236.16,238.3 1 0
github.com/allsource/control-plane/main.go:240.2,248.12 3 0
github.com/allsource/control-plane/main.go:248.12,250.77 2 0
github.com/allsource/control-plane/main.go:250.77,252.4 1 0
github.com/allsource/control-plane/main.go:256.2,264.42 7 0
github.com/allsource/control-plane/main.go:264.42,266.3 1 0
github.com/allsource/control-plane/main.go:268.2,268.38 1 0
github.com/allsource/control-plane/main_v1.go:32.51,35.21 2 0
github.com/allsource/control-plane/main_v1.go:35.21,38.3 2 0
github.com/allsource/control-plane/main_v1.go:39.2,43.24 3 0
github.com/allsource/control-plane/main_v1.go:43.24,45.3 1 0
github.com/allsource/control-plane/main_v1.go:46.2,47.16 2 0
github.com/allsource/control-plane/main_v1.go:47.16,49.3 1 0
github.com/allsource/control-plane/main_v1.go:52.2,57.40 2 0
github.com/allsource/control-plane/main_v1.go:57.40,59.3 1 0
github.com/allsource/control-plane/main_v1.go:60.2,80.16 7 0
github.com/allsource/control-plane/main_v1.go:83.45,85.37 1 0
github.com/allsource/control-plane/main_v1.go:85.37,90.36 4 0
github.com/allsource/control-plane/main_v1.go:90.36,93.4 2 0
github.com/allsource/control-plane/main_v1.go:95.3,95.11 1 0
github.com/allsource/control-plane/main_v1.go:99.2,105.46 3 0
github.com/allsource/control-plane/main_v1.go:108.41,115.2 4 0
github.com/allsource/control-plane/main_v1.go:115.2,119.3 2 0
github.com/allsource/control-plane/main_v1.go:122.2,123.2 2 0
github.com/allsource/control-plane/main_v1.go:123.2,133.3 5 0
github.com/allsource/control-plane/main_v1.go:133.3,137.4 3 0
github.com/allsource/control-plane/main_v1.go:140.3,142.3 3 0
github.com/allsource/control-plane/main_v1.go:142.3,148.4 5 0
github.com/allsource/control-plane/main_v1.go:151.3,153.3 3 0
github.com/allsource/control-plane/main_v1.go:153.3,156.4 2 0
github.com/allsource/control-plane/main_v1.go:161.57,174.2 1 0
github.com/allsource/control-plane/main_v1.go:177.61,191.16 6 0
github.com/allsource/control-plane/main_v1.go:191.16,198.3 3 0
github.com/allsource/control-plane/main_v1.go:200.2,201.61 2 0
github.com/allsource/control-plane/main_v1.go:201.61,208.3 3 0
github.com/allsource/control-plane/main_v1.go:210.2,211.31 2 0
github.com/allsource/control-plane/main_v1.go:215.64,227.16 5 0
github.com/allsource/control-plane/main_v1.go:227.16,229.3 1 0
github.com/allsource/control-plane/main_v1.go:231.2,250.4 1 0
github.com/allsource/control-plane/main_v1.go:254.58,262.16 3 0
github.com/allsource/control-plane/main_v1.go:262.16,267.3 2 0
github.com/allsource/control-plane/main_v1.go:269.2,281.4 3 0
github.com/allsource/control-plane/main_v1.go:285.59,300.2 5 0
github.com/allsource/control-plane/main_v1.go:303.57,311.47 3 0
github.com/allsource/control-plane/main_v1.go:311.47,314.3 2 0
github.com/allsource/control-plane/main_v1.go:316.2,325.4 3 0
github.com/allsource/control-plane/main_v1.go:329.57,338.16 4 0
github.com/allsource/control-plane/main_v1.go:338.16,343.3 2 0
github.com/allsource/control-plane/main_v1.go:345.2,350.31 5 0
github.com/allsource/control-plane/main_v1.go:354.62,356.2 1 0
github.com/allsource/control-plane/main_v1.go:358.60,361.2 2 0
github.com/allsource/control-plane/main_v1.go:363.63,369.16 5 0
github.com/allsource/control-plane/main_v1.go:369.16,371.3 1 0
github.com/allsource/control-plane/main_v1.go:373.2,373.44 1 0
github.com/allsource/control-plane/main_v1.go:373.44,375.3 1 0
github.com/allsource/control-plane/main_v1.go:377.2,379.35 3 0
github.com/allsource/control-plane/main_v1.go:382.63,390.16 6 0
github.com/allsource/control-plane/main_v1.go:390.16,392.3 1 0
github.com/allsource/control-plane/main_v1.go:394.2,398.35 4 0
github.com/allsource/control-plane/main_v1.go:401.63,406.16 4 0
github.com/allsource/control-plane/main_v1.go:406.16,408.3 1 0
github.com/allsource/control-plane/main_v1.go:410.2,411.63 2 0
github.com/allsource/control-plane/main_v1.go:415.60,417.2 1 0
github.com/allsource/control-plane/main_v1.go:419.61,428.16 5 0
github.com/allsource/control-plane/main_v1.go:428.16,433.3 2 0
github.com/allsource/control-plane/main_v1.go:435.2,436.61 2 0
github.com/allsource/control-plane/main_v1.go:440.80,447.16 3 0
github.com/allsource/control-plane/main_v1.go:447.16,452.3 2 0
github.com/allsource/control-plane/main_v1.go:454.2,456.35 3 0
github.com/allsource/control-plane/main_v1.go:460.131,468.16 3 0
github.com/allsource/control-plane/main_v1.go:468.16,473.3 2 0
github.com/allsource/control-plane/main_v1.go:475.2,475.18 1 0
github.com/allsource/control-plane/main_v1.go:478.52,480.2 1 0
github.com/allsource/control-plane/main_v1.go:482.44,483.27 1 0
github.com/allsource/control-plane/main_v1.go:483.27,485.3 1 0
github.com/allsource/control-plane/main_v1.go:486.2,486.12 1 0
github.com/allsource/control-plane/main_v1.go:547.56,549.2 1 0
github.com/allsource/control-plane/main_v1.go:551.59,553.2 1 0
github.com/allsource/control-plane/metrics.go:31.40,101.2 3 0
github.com/allsource/control-plane/metrics.go:104.46,108.21 3 0
github.com/allsource/control-plane/metrics.go:108.21,110.3 1 0
github.com/allsource/control-plane/middleware.go:11.73,12.30 1 0
github.com/allsource/control-plane/middleware.go:12.30,27.17 8 0
github.com/allsource/control-plane/middleware.go:27.17,29.4 1 0
github.com/allsource/control-plane/middleware.go:30.3,33.78 3 0
github.com/allsource/control-plane/policy.go:47.38,56.2 3 1
github.com/allsource/control-plane/policy.go:59.46,169.2 5 1
github.com/allsource/control-plane/policy.go:172.51,177.2 3 1
github.com/allsource/control-plane/policy.go:180.55,185.2 3 1
github.com/allsource/control-plane/policy.go:188.68,194.2 4 1
github.com/allsource/control-plane/policy.go:197.50,202.37 4 1
github.com/allsource/control-plane/policy.go:202.37,204.3 1 1
github.com/allsource/control-plane/policy.go:206.2,206.17 1 1
github.com/allsource/control-plane/policy.go:228.66,234.37 4 1
github.com/allsource/control-plane/policy.go:234.37,235.56 1 1
github.com/allsource/control-plane/policy.go:235.56,237.4 1 1
github.com/allsource/control-plane/policy.go:241.2,241.47 1 1
github.com/allsource/control-plane/policy.go:241.47,242.52 1 1
github.com/allsource/control-plane/policy.go:242.52,243.71 1 1
github.com/allsource/control-plane/policy.go:243.71,245.5 1 1
github.com/allsource/control-plane/policy.go:250.2,250.44 1 1
github.com/allsource/control-plane/policy.go:250.44,251.52 1 1
github.com/allsource/control-plane/policy.go:251.52,253.35 1 1
github.com/allsource/control-plane/policy.go:253.35,260.5 1 1
github.com/allsource/control-plane/policy.go:260.10,260.42 1 1
github.com/allsource/control-plane/policy.go:260.42,268.5 1 1
github.com/allsource/control-plane/policy.go:273.2,277.3 1 1
github.com/allsource/control-plane/policy.go:281.98,282.39 1 1
github.com/allsource/control-plane/policy.go:282.39,283.44 1 1
github.com/allsource/control-plane/policy.go:283.44,285.4 1 1
github.com/allsource/control-plane/policy.go:287.2,287.13 1 1
github.com/allsource/control-plane/policy.go:291.94,294.25 2 1
github.com/allsource/control-plane/policy.go:295.19,296.29 1 1
github.com/allsource/control-plane/policy.go:297.17,298.26 1 0
github.com/allsource/control-plane/policy.go:299.14,300.32 1 1
github.com/allsource/control-plane/policy.go:301.10,308.10 3 1
github.com/allsource/control-plane/policy.go:308.10,310.4 1 1
github.com/allsource/control-plane/policy.go:314.2,315.42 2 1
github.com/allsource/control-plane/policy.go:315.42,316.72 1 1
github.com/allsource/control-plane/policy.go:316.72,318.19 2 1
github.com/allsource/control-plane/policy.go:319.19,320.27 1 1
github.com/allsource/control-plane/policy.go:321.21,322.29 1 0
github.com/allsource/control-plane/policy.go:328.2,328.28 1 1
github.com/allsource/control-plane/policy.go:329.12,330.71 1 1
github.com/allsource/control-plane/policy.go:331.12,332.71 1 1
github.com/allsource/control-plane/policy.go:333.12,334.37 1 1
github.com/allsource/control-plane/policy.go:334.37,335.37 1 1
github.com/allsource/control-plane/policy.go:335.37,337.5 1 1
github.com/allsource/control-plane/policy.go:338.4,338.41 1 0
github.com/allsource/control-plane/policy.go:338.41,340.5 1 0
github.com/allsource/control-plane/policy.go:342.3,342.41 1 0
github.com/allsource/control-plane/policy.go:342.41,343.41 1 0
github.com/allsource/control-plane/policy.go:343.41,345.5 1 0
github.com/allsource/control-plane/policy.go:347.12,348.37 1 0
github.com/allsource/control-plane/policy.go:348.37,349.37 1 0
github.com/allsource/control-plane/policy.go:349.37,351.5 1 0
github.com/allsource/control-plane/policy.go:353.18,357.4 1 1
github.com/allsource/control-plane/policy.go:358.12,359.42 1 1
github.com/allsource/control-plane/policy.go:359.42,361.29 2 1
github.com/allsource/control-plane/policy.go:361.29,362.22 1 1
github.com/allsource/control-plane/policy.go:362.22,364.6 1 1
github.com/allsource/control-plane/policy.go:368.3,368.47 1 0
github.com/allsource/control-plane/policy.go:368.47,370.29 2 0
github.com/allsource/control-plane/policy.go:370.29,371.41 1 0
github.com/allsource/control-plane/policy.go:371.41,373.6 1 0
github.com/allsource/control-plane/policy.go:378.2,378.14 1 0
github.com/allsource/control-plane/policy.go:382.93,383.30 1 0
github.com/allsource/control-plane/policy.go:383.30,385.74 1 0
github.com/allsource/control-plane/policy.go:385.74,388.4 2 0
github.com/allsource/control-plane/policy.go:391.3,392.17 2 0
github.com/allsource/control-plane/policy.go:392.17,396.4 2 0
github.com/allsource/control-plane/policy.go:399.3,412.72 3 0
github.com/allsource/control-plane/policy.go:412.72,414.4 1 0
github.com/allsource/control-plane/policy.go:415.3,415.66 1 0
github.com/allsource/control-plane/policy.go:415.66,417.4 1 0
github.com/allsource/control-plane/policy.go:420.3,423.22 2 0
github.com/allsource/control-plane/policy.go:423.22,448.4 4 0
github.com/allsource/control-plane/policy.go:450.3,450.34 1 0
github.com/allsource/control-plane/policy.go:450.34,466.4 1 0
github.com/allsource/control-plane/policy.go:468.3,468.11 1 0
github.com/allsource/control-plane/policy.go:473.72,478.40 3 1
github.com/allsource/control-plane/policy.go:478.40,480.3 1 1
github.com/allsource/control-plane/policy.go:480.8,480.45 1 1
github.com/allsource/control-plane/policy.go:480.45,482.3 1 1
github.com/allsource/control-plane/policy.go:482.8,482.50 1 1
github.com/allsource/control-plane/policy.go:482.50,484.3 1 1
github.com/allsource/control-plane/policy.go:484.8,484.44 1 1
github.com/allsource/control-plane/policy.go:484.44,486.3 1 1
github.com/allsource/control-plane/policy.go:489.2,489.16 1 1
github.com/allsource/control-plane/policy.go:490.13,491.21 1 1
github.com/allsource/control-plane/policy.go:492.14,493.38 1 1
github.com/allsource/control-plane/policy.go:493.38,495.4 1 1
github.com/allsource/control-plane/policy.go:495.9,497.4 1 1
github.com/allsource/control-plane/policy.go:498.13,499.23 1 1
github.com/allsource/control-plane/policy.go:500.16,501.23 1 1
github.com/allsource/control-plane/policy.go:502.15,503.23 1 0
github.com/allsource/control-plane/policy.go:506.2,506.28 1 1
github.com/allsource/control-plane/tracing.go:33.77,34.21 1 0
github.com/allsource/control-plane/tracing.go:34.21,36.42 2 0
github.com/allsource/control-plane/tracing.go:36.42,36.56 1 0
github.com/allsource/control-plane/tracing.go:40.2,45.16 2 0
github.com/allsource/control-plane/tracing.go:45.16,47.3 1 0
github.com/allsource/control-plane/tracing.go:50.2,59.16 2 0
github.com/allsource/control-plane/tracing.go:59.16,61.3 1 0
github.com/allsource/control-plane/tracing.go:64.2,77.25 4 0
github.com/allsource/control-plane/tracing.go:81.59,84.30 2 0
github.com/allsource/control-plane/tracing.go:84.30,86.74 1 0
github.com/allsource/control-plane/tracing.go:86.74,89.4 2 0
github.com/allsource/control-plane/tracing.go:92.3,117.47 8 0
github.com/allsource/control-plane/tracing.go:117.47,118.46 1 0
github.com/allsource/control-plane/tracing.go:118.46,126.5 1 0
github.com/allsource/control-plane/tracing.go:129.3,145.24 6 0
github.com/allsource/control-plane/tracing.go:145.24,147.25 2 0
github.com/allsource/control-plane/tracing.go:147.25,149.5 1 0
github.com/allsource/control-plane/tracing.go:153.3,153.24 1 0
github.com/allsource/control-plane/tracing.go:153.24,157.4 1 0
github.com/allsource/control-plane/tracing.go:166.45,168.2 1 0
github.com/allsource/control-plane/tracing.go:170.52,172.2 1 0
github.com/allsource/control-plane/tracing.go:174.38,176.38 2 0
github.com/allsource/control-plane/tracing.go:176.38,178.3 1 0
github.com/allsource/control-plane/tracing.go:179.2,179.13 1 0
github.com/allsource/control-plane/tracing.go:183.104,192.2 4 0
github.com/allsource/control-plane/tracing.go:195.46,196.31 1 0
github.com/allsource/control-plane/tracing.go:196.31,199.3 2 0
github.com/allsource/control-plane/tracing.go:203.74,204.17 1 0
github.com/allsource/control-plane/tracing.go:204.17,206.3 1 0
github.com/allsource/control-plane/tracing.go:210.30,213.2 2 0
github.com/allsource/control-plane/tracing.go:216.49,218.17 2 0
github.com/allsource/control-plane/tracing.go:218.17,220.3 1 0
github.com/allsource/control-plane/tracing.go:221.2,221.21 1 0
github.com/allsource/control-plane/tracing.go:225.102,244.28 7 0
github.com/allsource/control-plane/tracing.go:244.28,246.3 1 0
github.com/allsource/control-plane/tracing.go:249.2,252.16 2 0
github.com/allsource/control-plane/tracing.go:252.16,255.3 2 0
github.com/allsource/control-plane/tracing.go:257.2,262.30 2 0
github.com/allsource/control-plane/tracing.go:262.30,264.3 1 0
github.com/allsource/control-plane/tracing.go:266.2,266.18 1 0
github.com/allsource/control-plane/tracing.go:274.45,276.2 1 0
github.com/allsource/control-plane/tracing.go:278.52,280.2 1 0
github.com/allsource/control-plane/tracing.go:282.38,284.21 2 0
github.com/allsource/control-plane/tracing.go:284.21,286.3 1 0
github.com/allsource/control-plane/tracing.go:287.2,287.13 1 0
github.com/allsource/control-plane/internal/infrastructure/persistence/memory_audit_repository.go:16.56,20.2 1 0
github.com/allsource/control-plane/internal/infrastructure/persistence/memory_audit_repository.go:23.71,29.2 4 0
github.com/allsource/control-plane/internal/infrastructure/persistence/memory_audit_repository.go:32.102,40.59 5 0
github.com/allsource/control-plane/internal/infrastructure/persistence/memory_audit_repository.go:40.59,41.35 1 0
github.com/allsource/control-plane/internal/infrastructure/persistence/memory_audit_repository.go:41.35,45.4 3 0
github.com/allsource/control-plane/internal/infrastructure/persistence/memory_audit_repository.go:48.2,48.20 1 0
github.com/allsource/control-plane/internal/infrastructure/persistence/memory_audit_repository.go:52.106,60.59 5 0
github.com/allsource/control-plane/internal/infrastructure/persistence/memory_audit_repository.go:60.59,61.39 1 0
github.com/allsource/control-plane/internal/infrastructure/persistence/memory_audit_repository.go:61.39,65.4 3 0
github.com/allsource/control-plane/internal/infrastructure/persistence/memory_audit_repository.go:68.2,68.20 1 0
github.com/allsource/control-plane/internal/infrastructure/persistence/memory_audit_repository.go:72.103,78.26 4 0
github.com/allsource/control-plane/internal/infrastructure/persistence/memory_audit_repository.go:78.26,79.78 1 0
github.com/allsource/control-plane/internal/infrastructure/persistence/memory_audit_repository.go:79.78,82.4 2 0
github.com/allsource/control-plane/internal/infrastructure/persistence/memory_audit_repository.go:85.2,85.20 1 0
github.com/allsource/control-plane/internal/infrastructure/persistence/memory_audit_repository.go:89.87,97.59 5 0
github.com/allsource/control-plane/internal/infrastructure/persistence/memory_audit_repository.go:97.59,98.28 1 0
github.com/allsource/control-plane/internal/infrastructure/persistence/memory_audit_repository.go:98.28,102.4 3 0
github.com/allsource/control-plane/internal/infrastructure/persistence/memory_audit_repository.go:105.2,105.20 1 0
github.com/allsource/control-plane/internal/infrastructure/persistence/memory_policy_repository.go:16.58,22.2 3 0
github.com/allsource/control-plane/internal/infrastructure/persistence/memory_policy_repository.go:25.55,51.2 8 0
github.com/allsource/control-plane/internal/infrastructure/persistence/memory_policy_repository.go:54.70,60.2 4 0
github.com/allsource/control-plane/internal/infrastructure/persistence/memory_policy_repository.go:63.80,68.13 4 0
github.com/allsource/control-plane/internal/infrastructure/persistence/memory_policy_repository.go:68.13,70.3 1 0
github.com/allsource/control-plane/internal/infrastructure/persistence/memory_policy_repository.go:72.2,72.20 1 0
github.com/allsource/control-plane/internal/infrastructure/persistence/memory_policy_repository.go:76.72,81.36 4 0
github.com/allsource/control-plane/internal/infrastructure/persistence/memory_policy_repository.go:81.36,83.3 1 0
github.com/allsource/control-plane/internal/infrastructure/persistence/memory_policy_repository.go:85.2,85.20 1 0
github.com/allsource/control-plane/internal/infrastructure/persistence/memory_policy_repository.go:89.94,94.36 4 0
github.com/allsource/control-plane/internal/infrastructure/persistence/memory_policy_repository.go:94.36,95.34 1 0
github.com/allsource/control-plane/internal/infrastructure/persistence/memory_policy_repository.go:95.34,97.4 1 0
github.com/allsource/control-plane/internal/infrastructure/persistence/memory_policy_repository.go:100.2,100.20 1 0
github.com/allsource/control-plane/internal/infrastructure/persistence/memory_policy_repository.go:104.76,109.36 4 0
github.com/allsource/control-plane/internal/infrastructure/persistence/memory_policy_repository.go:109.36,110.21 1 0
github.com/allsource/control-plane/internal/infrastructure/persistence/memory_policy_repository.go:110.21,112.4 1 0
github.com/allsource/control-plane/internal/infrastructure/persistence/memory_policy_repository.go:115.2,115.20 1 0
github.com/allsource/control-plane/internal/infrastructure/persistence/memory_policy_repository.go:119.72,123.49 3 0
github.com/allsource/control-plane/internal/infrastructure/persistence/memory_policy_repository.go:123.49,125.3 1 0
github.com/allsource/control-plane/internal/infrastructure/persistence/memory_policy_repository.go:127.2,128.12 2 0
github.com/allsource/control-plane/internal/infrastructure/persistence/memory_policy_repository.go:132.58,136.42 3 0
github.com/allsource/control-plane/internal/infrastructure/persistence/memory_policy_repository.go:136.42,138.3 1 0
github.com/allsource/control-plane/internal/infrastructure/persistence/memory_policy_repository.go:140.2,141.12 2 0
github.com/allsource/control-plane/internal/infrastructure/persistence/memory_policy_repository.go:145.66,151.2 4 0
github.com/allsource/control-plane/internal/infrastructure/persistence/memory_tenant_repository.go:16.58,20.2 1 0
github.com/allsource/control-plane/internal/infrastructure/persistence/memory_tenant_repository.go:23.70,29.2 4 0
github.com/allsource/control-plane/internal/infrastructure/persistence/memory_tenant_repository.go:32.80,37.13 4 0
github.com/allsource/control-plane/internal/infrastructure/persistence/memory_tenant_repository.go:37.13,39.3 1 0
github.com/allsource/control-plane/internal/infrastructure/persistence/memory_tenant_repository.go:41.2,41.20 1 0
github.com/allsource/control-plane/internal/infrastructure/persistence/memory_tenant_repository.go:45.72,50.35 4 0
github.com/allsource/control-plane/internal/infrastructure/persistence/memory_tenant_repository.go:50.35,52.3 1 0
github.com/allsource/control-plane/internal/infrastructure/persistence/memory_tenant_repository.go:54.2,54.20 1 0
github.com/allsource/control-plane/internal/infrastructure/persistence/memory_tenant_repository.go:58.75,63.35 4 0
github.com/allsource/control-plane/internal/infrastructure/persistence/memory_tenant_repository.go:63.35,64.24 1 0
github.com/allsource/control-plane/internal/infrastructure/persistence/memory_tenant_repository.go:64.24,66.4 1 0
github.com/allsource/control-plane/internal/infrastructure/persistence/memory_tenant_repository.go:69.2,69.20 1 0
github.com/allsource/control-plane/internal/infrastructure/persistence/memory_tenant_repository.go:73.72,77.48 3 0
github.com/allsource/control-plane/internal/infrastructure/persistence/memory_tenant_repository.go:77.48,79.3 1 0
github.com/allsource/control-plane/internal/infrastructure/persistence/memory_tenant_repository.go:81.2,82.12 2 0
github.com/allsource/control-plane/internal/infrastructure/persistence/memory_tenant_repository.go:86.58,90.41 3 0
github.com/allsource/control-plane/internal/infrastructure/persistence/memory_tenant_repository.go:90.41,92.3 1 0
github.com/allsource/control-plane/internal/infrastructure/persistence/memory_tenant_repository.go:94.2,95.12 2 0
github.com/allsource/control-plane/internal/infrastructure/persistence/memory_tenant_repository.go:99.66,105.2 4 0
github.com/allsource/control-plane/internal/infrastructure/persistence/memory_user_repository.go:17.54,22.2 1 0
github.com/allsource/control-plane/internal/infrastructure/persistence/memory_user_repository.go:25.64,32.2 5 0
github.com/allsource/control-plane/internal/infrastructure/persistence/memory_user_repository.go:35.76,40.13 4 0
github.com/allsource/control-plane/internal/infrastructure/persistence/memory_user_repository.go:40.13,42.3 1 0
github.com/allsource/control-plane/internal/infrastructure/persistence/memory_user_repository.go:44.2,44.18 1 0
github.com/allsource/control-plane/internal/infrastructure/persistence/memory_user_repository.go:48.88,53.13 4 0
github.com/allsource/control-plane/internal/infrastructure/persistence/memory_user_repository.go:53.13,55.3 1 0
github.com/allsource/control-plane/internal/infrastructure/persistence/memory_user_repository.go:57.2,57.18 1 0
github.com/allsource/control-plane/internal/infrastructure/persistence/memory_user_repository.go:61.88,66.31 4 0
github.com/allsource/control-plane/internal/infrastructure/persistence/memory_user_repository.go:66.31,67.32 1 0
github.com/allsource/control-plane/internal/infrastructure/persistence/memory_user_repository.go:67.32,69.4 1 0
github.com/allsource/control-plane/internal/infrastructure/persistence/memory_user_repository.go:72.2,72.20 1 0
github.com/allsource/control-plane/internal/infrastructure/persistence/memory_user_repository.go:76.66,80.44 3 0
github.com/allsource/control-plane/internal/infrastructure/persistence/memory_user_repository.go:80.44,82.3 1 0
github.com/allsource/control-plane/internal/infrastructure/persistence/memory_user_repository.go:84.2,86.12 3 0
github.com/allsource/control-plane/internal/infrastructure/persistence/memory_user_repository.go:90.56,95.13 4 0
github.com/allsource/control-plane/internal/infrastructure/persistence/memory_user_repository.go:95.13,97.3 1 0
github.com/allsource/control-plane/internal/infrastructure/persistence/memory_user_repository.go:99.2,101.12 3 0
github.com/allsource/control-plane/internal/infrastructure/persistence/memory_user_repository.go:105.64,111.2 4 0
github.com/allsource/control-plane/internal/interfaces/http/policy_handler.go:17.88,21.2 1 0
github.com/allsource/control-plane/internal/interfaces/http/policy_handler.go:24.50,26.47 2 0
github.com/allsource/control-plane/internal/interfaces/http/policy_handler.go:26.47,29.3 2 0
github.com/allsource/control-plane/internal/interfaces/http/policy_handler.go:31.2,32.16 2 0
github.com/allsource/control-plane/internal/interfaces/http/policy_handler.go:32.16,35.3 2 0
github.com/allsource/control-plane/internal/interfaces/http/policy_handler.go:37.2,37.29 1 0
github.com/allsource/control-plane/internal/interfaces/http/tenant_handler.go:18.84,22.2 1 0
github.com/allsource/control-plane/internal/interfaces/http/tenant_handler.go:25.48,27.47 2 0
github.com/allsource/control-plane/internal/interfaces/http/tenant_handler.go:27.47,30.3 2 0
github.com/allsource/control-plane/internal/interfaces/http/tenant_handler.go:32.2,33.16 2 0
github.com/allsource/control-plane/internal/interfaces/http/tenant_handler.go:33.16,34.43 1 0
github.com/allsource/control-plane/internal/interfaces/http/tenant_handler.go:34.43,37.4 2 0
github.com/allsource/control-plane/internal/interfaces/http/tenant_handler.go:38.3,39.9 2 0
github.com/allsource/control-plane/internal/interfaces/http/tenant_handler.go:42.2,42.34 1 0
github.com/allsource/control-plane/internal/container.go:28.32,53.2 9 0
github.com/allsource/control-plane/internal/domain/entities/audit_event.go:29.81,30.53 1 0
github.com/allsource/control-plane/internal/domain/entities/audit_event.go:30.53,32.3 1 0
github.com/allsource/control-plane/internal/domain/entities/audit_event.go:33.2,33.47 1 0
github.com/allsource/control-plane/internal/domain/entities/audit_event.go:33.47,35.3 1 0
github.com/allsource/control-plane/internal/domain/entities/audit_event.go:37.2,44.8 1 0
github.com/allsource/control-plane/internal/domain/entities/audit_event.go:48.48,49.21 1 0
github.com/allsource/control-plane/internal/domain/entities/audit_event.go:49.21,51.3 1 0
github.com/allsource/control-plane/internal/domain/entities/audit_event.go:52.2,52.12 1 0
github.com/allsource/control-plane/internal/domain/entities/audit_event.go:56.42,57.18 1 0
github.com/allsource/control-plane/internal/domain/entities/audit_event.go:57.18,59.3 1 0
github.com/allsource/control-plane/internal/domain/entities/audit_event.go:60.2,60.12 1 0
github.com/allsource/control-plane/internal/domain/entities/audit_event.go:64.69,68.2 3 0
github.com/allsource/control-plane/internal/domain/entities/audit_event.go:71.63,74.2 2 0
github.com/allsource/control-plane/internal/domain/entities/audit_event.go:77.77,81.2 3 0
github.com/allsource/control-plane/internal/domain/entities/audit_event.go:84.80,88.2 3 0
github.com/allsource/control-plane/internal/domain/entities/audit_event.go:91.75,95.2 3 0
github.com/allsource/control-plane/internal/domain/entities/audit_event.go:98.57,101.2 2 0
github.com/allsource/control-plane/internal/domain/entities/audit_event.go:104.78,107.2 2 0
github.com/allsource/control-plane/internal/domain/entities/audit_event.go:110.38,112.2 1 0
github.com/allsource/control-plane/internal/domain/entities/policy.go:37.108,38.45 1 1
github.com/allsource/control-plane/internal/domain/entities/policy.go:38.45,40.3 1 0
github.com/allsource/control-plane/internal/domain/entities/policy.go:41.2,41.49 1 1
github.com/allsource/control-plane/internal/domain/entities/policy.go:41.49,43.3 1 0
github.com/allsource/control-plane/internal/domain/entities/policy.go:44.2,44.53 1 1
github.com/allsource/control-plane/internal/domain/entities/policy.go:44.53,46.3 1 0
github.com/allsource/control-plane/internal/domain/entities/policy.go:48.2,57.8 1 1
github.com/allsource/control-plane/internal/domain/entities/policy.go:61.40,62.14 1 1
github.com/allsource/control-plane/internal/domain/entities/policy.go:62.14,64.3 1 0
github.com/allsource/control-plane/internal/domain/entities/policy.go:65.2,65.12 1 1
github.com/allsource/control-plane/internal/domain/entities/policy.go:69.44,70.16 1 1
github.com/allsource/control-plane/internal/domain/entities/policy.go:70.16,72.3 1 0
github.com/allsource/control-plane/internal/domain/entities/policy.go:73.2,73.12 1 1
github.com/allsource/control-plane/internal/domain/entities/policy.go:77.54,78.16 1 1
github.com/allsource/control-plane/internal/domain/entities/policy.go:79.43,80.13 1 1
github.com/allsource/control-plane/internal/domain/entities/policy.go:81.10,82.45 1 0
github.com/allsource/control-plane/internal/domain/entities/policy.go:87.80,88.17 1 1
github.com/allsource/control-plane/internal/domain/entities/policy.go:88.17,90.3 1 0
github.com/allsource/control-plane/internal/domain/entities/policy.go:91.2,91.20 1 1
github.com/allsource/control-plane/internal/domain/entities/policy.go:91.20,93.3 1 0
github.com/allsource/control-plane/internal/domain/entities/policy.go:95.2,100.12 2 1
github.com/allsource/control-plane/internal/domain/entities/policy.go:104.27,106.2 1 0
github.com/allsource/control-plane/internal/domain/entities/policy.go:109.28,111.2 1 1
github.com/allsource/control-plane/internal/domain/entities/policy.go:114.76,115.16 1 1
github.com/allsource/control-plane/internal/domain/entities/policy.go:115.16,117.3 1 1
github.com/allsource/control-plane/internal/domain/entities/policy.go:120.2,120.41 1 1
github.com/allsource/control-plane/internal/domain/entities/policy.go:120.41,122.17 2 1
github.com/allsource/control-plane/internal/domain/entities/policy.go:122.17,124.4 1 0
github.com/allsource/control-plane/internal/domain/entities/policy.go:125.3,125.15 1 1
github.com/allsource/control-plane/internal/domain/entities/policy.go:125.15,127.4 1 1
github.com/allsource/control-plane/internal/domain/entities/policy.go:130.2,130.18 1 1
github.com/allsource/control-plane/internal/domain/entities/policy.go:134.112,136.13 2 1
github.com/allsource/control-plane/internal/domain/entities/policy.go:136.13,138.3 1 0
github.com/allsource/control-plane/internal/domain/entities/policy.go:140.2,140.28 1 1
github.com/allsource/control-plane/internal/domain/entities/policy.go:141.12,142.81 1 1
github.com/allsource/control-plane/internal/domain/entities/policy.go:143.12,144.81 1 0
github.com/allsource/control-plane/internal/domain/entities/policy.go:145.18,148.42 3 0
github.com/allsource/control-plane/internal/domain/entities/policy.go:149.10,150.75 1 0
github.com/allsource/control-plane/internal/domain/entities/policy.go:155.38,157.2 1 0
github.com/allsource/control-plane/internal/domain/entities/policy.go:159.44,160.43 1 0
github.com/allsource/control-plane/internal/domain/entities/policy.go:160.43,161.35 1 0
github.com/allsource/control-plane/internal/domain/entities/policy.go:161.35,163.4 1 0
github.com/allsource/control-plane/internal/domain/entities/policy.go:165.2,165.14 1 0
github.com/allsource/control-plane/internal/domain/entities/tenant.go:29.63,30.45 1 1
github.com/allsource/control-plane/internal/domain/entities/tenant.go:30.45,32.3 1 1
github.com/allsource/control-plane/internal/domain/entities/tenant.go:33.2,33.49 1 1
github.com/allsource/control-plane/internal/domain/entities/tenant.go:33.49,35.3 1 1
github.com/allsource/control-plane/internal/domain/entities/tenant.go:37.2,46.8 2 1
github.com/allsource/control-plane/internal/domain/entities/tenant.go:50.40,51.14 1 1
github.com/allsource/control-plane/internal/domain/entities/tenant.go:51.14,53.3 1 1
github.com/allsource/control-plane/internal/domain/entities/tenant.go:54.2,54.19 1 1
github.com/allsource/control-plane/internal/domain/entities/tenant.go:54.19,56.3 1 0
github.com/allsource/control-plane/internal/domain/entities/tenant.go:57.2,57.12 1 1
github.com/allsource/control-plane/internal/domain/entities/tenant.go:61.44,62.16 1 1
github.com/allsource/control-plane/internal/domain/entities/tenant.go:62.16,64.3 1 1
github.com/allsource/control-plane/internal/domain/entities/tenant.go:65.2,65.21 1 1
github.com/allsource/control-plane/internal/domain/entities/tenant.go:65.21,67.3 1 0
github.com/allsource/control-plane/internal/domain/entities/tenant.go:68.2,68.12 1 1
github.com/allsource/control-plane/internal/domain/entities/tenant.go:72.34,74.2 1 1
github.com/allsource/control-plane/internal/domain/entities/tenant.go:77.28,80.2 2 1
github.com/allsource/control-plane/internal/domain/entities/tenant.go:83.29,86.2 2 1
github.com/allsource/control-plane/internal/domain/entities/tenant.go:89.38,90.23 1 1
github.com/allsource/control-plane/internal/domain/entities/tenant.go:90.23,92.3 1 1
github.com/allsource/control-plane/internal/domain/entities/tenant.go:93.2,95.12 3 1
github.com/allsource/control-plane/internal/domain/entities/user.go:43.71,44.43 1 1
github.com/allsource/control-plane/internal/domain/entities/user.go:44.43,46.3 1 1
github.com/allsource/control-plane/internal/domain/entities/user.go:47.2,47.51 1 1
github.com/allsource/control-plane/internal/domain/entities/user.go:47.51,49.3 1 0
github.com/allsource/control-plane/internal/domain/entities/user.go:50.2,50.51 1 1
github.com/allsource/control-plane/internal/domain/entities/user.go:50.51,52.3 1 0
github.com/allsource/control-plane/internal/domain/entities/user.go:53.2,53.43 1 1
github.com/allsource/control-plane/internal/domain/entities/user.go:53.43,55.3 1 1
github.com/allsource/control-plane/internal/domain/entities/user.go:57.2,66.8 2 1
github.com/allsource/control-plane/internal/domain/entities/user.go:70.38,71.14 1 1
github.com/allsource/control-plane/internal/domain/entities/user.go:71.14,73.3 1 1
github.com/allsource/control-plane/internal/domain/entities/user.go:74.2,74.12 1 1
github.com/allsource/control-plane/internal/domain/entities/user.go:78.46,79.20 1 1
github.com/allsource/control-plane/internal/domain/entities/user.go:79.20,81.3 1 0
github.com/allsource/control-plane/internal/domain/entities/user.go:82.2,82.25 1 1
github.com/allsource/control-plane/internal/domain/entities/user.go:82.25,84.3 1 0
github.com/allsource/control-plane/internal/domain/entities/user.go:85.2,85.12 1 1
github.com/allsource/control-plane/internal/domain/entities/user.go:89.36,90.14 1 1
github.com/allsource/control-plane/internal/domain/entities/user.go:91.66,92.13 1 1
github.com/allsource/control-plane/internal/domain/entities/user.go:93.10,94.36 1 1
github.com/allsource/control-plane/internal/domain/entities/user.go:99.52,100.16 1 1
github.com/allsource/control-plane/internal/domain/entities/user.go:101.17,102.14 1 1
github.com/allsource/control-plane/internal/domain/entities/user.go:103.21,104.160 1 1
github.com/allsource/control-plane/internal/domain/entities/user.go:105.20,106.61 1 1
github.com/allsource/control-plane/internal/domain/entities/user.go:107.26,108.59 1 0
github.com/allsource/control-plane/internal/domain/entities/user.go:109.10,110.15 1 0
github.com/allsource/control-plane/internal/domain/entities/user.go:115.31,117.2 1 0
github.com/allsource/control-plane/internal/domain/entities/user.go:120.54,122.2 1 1
github.com/allsource/control-plane/internal/domain/entities/user.go:125.44,126.43 1 0
github.com/allsource/control-plane/internal/domain/entities/user.go:126.43,128.3 1 0
github.com/allsource/control-plane/internal/domain/entities/user.go:129.2,131.12 3 0
github.com/allsource/control-plane/internal/application/usecases/create_tenant.go:20.24,25.2 1 1
github.com/allsource/control-plane/internal/application/usecases/create_tenant.go:28.98,31.16 2 1
github.com/allsource/control-plane/internal/application/usecases/create_tenant.go:31.16,33.3 1 0
github.com/allsource/control-plane/internal/application/usecases/create_tenant.go:34.2,34.12 1 1
github.com/allsource/control-plane/internal/application/usecases/create_tenant.go:34.12,36.3 1 1
github.com/allsource/control-plane/internal/application/usecases/create_tenant.go:39.2,40.16 2 1
github.com/allsource/control-plane/internal/application/usecases/create_tenant.go:40.16,42.3 1 1
github.com/allsource/control-plane/internal/application/usecases/create_tenant.go:45.2,45.25 1 1
github.com/allsource/control-plane/internal/application/usecases/create_tenant.go:45.25,47.3 1 0
github.com/allsource/control-plane/internal/application/usecases/create_tenant.go:50.2,50.51 1 1
github.com/allsource/control-plane/internal/application/usecases/create_tenant.go:50.51,52.3 1 0
github.com/allsource/control-plane/internal/application/usecases/create_tenant.go:55.2,68.8 4 1
github.com/allsource/control-plane/internal/application/usecases/evaluate_policy.go:16.96,20.2 1 1
github.com/allsource/control-plane/internal/application/usecases/evaluate_policy.go:23.110,26.16 2 1
github.com/allsource/control-plane/internal/application/usecases/evaluate_policy.go:26.16,28.3 1 0
github.com/allsource/control-plane/internal/application/usecases/evaluate_policy.go:31.2,32.29 2 1
github.com/allsource/control-plane/internal/application/usecases/evaluate_policy.go:32.29,33.16 1 1
github.com/allsource/control-plane/internal/application/usecases/evaluate_policy.go:33.16,35.4 1 1
github.com/allsource/control-plane/internal/application/usecases/evaluate_policy.go:39.2,39.50 1 1
github.com/allsource/control-plane/internal/application/usecases/evaluate_policy.go:39.50,41.3 1 1
github.com/allsource/control-plane/internal/application/usecases/evaluate_policy.go:44.2,45.41 2 1
github.com/allsource/control-plane/internal/application/usecases/evaluate_policy.go:45.41,47.17 2 1
github.com/allsource/control-plane/internal/application/usecases/evaluate_policy.go:47.17,48.12 1 0
github.com/allsource/control-plane/internal/application/usecases/evaluate_policy.go:51.3,51.14 1 1
github.com/allsource/control-plane/internal/application/usecases/evaluate_policy.go:51.14,55.44 2 1
github.com/allsource/control-plane/internal/application/usecases/evaluate_policy.go:55.44,57.13 2 0
github.com/allsource/control-plane/internal/application/usecases/evaluate_policy.go:60.4,65.10 1 1
github.com/allsource/control-plane/internal/application/usecases/evaluate_policy.go:70.2,73.8 1 1
